<?xml version="1.0" encoding="utf-8"?><testsuites name="pytest tests"><testsuite name="pytest" errors="0" failures="0" skipped="0" tests="7" time="9.262" timestamp="2026-07-16T00:44:08.389483+00:00" hostname="agent-env-2abc4bec-e9a9-44a1-8c69-9f6b2f956dc6"><testcase classname="tests.test_part3" name="test_newsletter_valid" time="2.612" /><testcase classname="tests.test_part3" name="test_newsletter_duplicate_is_idempotent" time="0.137" /><testcase classname="tests.test_part3" name="test_newsletter_invalid_email" time="0.054" /><testcase classname="tests.test_part3" name="test_chat_stream_returns_text" time="2.169" /><testcase classname="tests.test_part3" name="test_chat_context_persists_in_session" time="3.487" /><testcase classname="tests.test_part3" name="test_chat_invalid_payload" time="0.057" /><testcase classname="tests.test_part3" name="test_leads_regression" time="0.058" /></testsuite></testsuites>