<?xml version="1.0" encoding="utf-8"?><testsuites name="pytest tests"><testsuite name="pytest" errors="0" failures="0" skipped="0" tests="5" time="1.149" timestamp="2026-07-16T00:13:21.337165+00:00" hostname="agent-env-2abc4bec-e9a9-44a1-8c69-9f6b2f956dc6"><testcase classname="tests.test_leads" name="test_root" time="0.314" /><testcase classname="tests.test_leads" name="test_create_lead_valid" time="0.104" /><testcase classname="tests.test_leads" name="test_create_lead_invalid_email" time="0.060" /><testcase classname="tests.test_leads" name="test_create_lead_missing_fields" time="0.047" /><testcase classname="tests.test_leads" name="test_create_lead_short_name" time="0.047" /></testsuite></testsuites>